{
  "uid" : "d9373040d26ca731",
  "name" : "Switch_Profile_008 - User able to Share Referral Code",
  "fullName" : "tests.ProfileITest.checkShareReferralCode",
  "historyId" : "8f52e5d01afb1eda095577f6d0d21181",
  "time" : {
    "start" : 1607572054846,
    "stop" : 1607572103895,
    "duration" : 49049
  },
  "description" : "Verify that user can SHARE REFERRAL CODE from Profile Menu.",
  "descriptionHtml" : "<p>Verify that user can SHARE REFERRAL CODE from Profile Menu.</p>\n",
  "status" : "failed",
  "statusMessage" : "expected [fgyRpcHC] but found []",
  "statusTrace" : "java.lang.AssertionError: expected [fgyRpcHC] but found []\n\tat org.testng.Assert.fail(Assert.java:96)\n\tat org.testng.Assert.failNotEquals(Assert.java:776)\n\tat org.testng.Assert.assertEqualsImpl(Assert.java:137)\n\tat org.testng.Assert.assertEquals(Assert.java:118)\n\tat org.testng.Assert.assertEquals(Assert.java:453)\n\tat org.testng.Assert.assertEquals(Assert.java:463)\n\tat utilities.finders.ElementAction.checkerEqual(ElementAction.java:38)\n\tat pages.ProfilePages.testShareReferralCode(ProfilePages.java:73)\n\tat tests.ProfileITest.checkShareReferralCode(ProfileITest.java:99)\n\tat sun.reflect.NativeMethodAccessorImpl.invoke0(Native Method)\n\tat sun.reflect.NativeMethodAccessorImpl.invoke(NativeMethodAccessorImpl.java:62)\n\tat sun.reflect.DelegatingMethodAccessorImpl.invoke(DelegatingMethodAccessorImpl.java:43)\n\tat java.lang.reflect.Method.invoke(Method.java:498)\n\tat org.testng.internal.MethodInvocationHelper.invokeMethod(MethodInvocationHelper.java:124)\n\tat org.testng.internal.Invoker.invokeMethod(Invoker.java:583)\n\tat org.testng.internal.Invoker.invokeTestMethod(Invoker.java:719)\n\tat org.testng.internal.Invoker.invokeTestMethods(Invoker.java:989)\n\tat org.testng.internal.TestMethodWorker.invokeTestMethods(TestMethodWorker.java:125)\n\tat org.testng.internal.TestMethodWorker.run(TestMethodWorker.java:109)\n\tat java.util.concurrent.ThreadPoolExecutor.runWorker(ThreadPoolExecutor.java:1149)\n\tat java.util.concurrent.ThreadPoolExecutor$Worker.run(ThreadPoolExecutor.java:624)\n\tat java.lang.Thread.run(Thread.java:748)\n",
  "flaky" : false,
  "newFailed" : false,
  "beforeStages" : [ {
    "name" : "setUp",
    "time" : {
      "start" : 1607565106469,
      "stop" : 1607565122439,
      "duration" : 15970
    },
    "description" : "",
    "status" : "passed",
    "steps" : [ ],
    "attachments" : [ ],
    "parameters" : [ ],
    "stepsCount" : 0,
    "attachmentsCount" : 0,
    "shouldDisplayMessage" : false,
    "hasContent" : false
  } ],
  "testStage" : {
    "description" : "Verify that user can SHARE REFERRAL CODE from Profile Menu.",
    "status" : "failed",
    "statusMessage" : "expected [fgyRpcHC] but found []",
    "statusTrace" : "java.lang.AssertionError: expected [fgyRpcHC] but found []\n\tat org.testng.Assert.fail(Assert.java:96)\n\tat org.testng.Assert.failNotEquals(Assert.java:776)\n\tat org.testng.Assert.assertEqualsImpl(Assert.java:137)\n\tat org.testng.Assert.assertEquals(Assert.java:118)\n\tat org.testng.Assert.assertEquals(Assert.java:453)\n\tat org.testng.Assert.assertEquals(Assert.java:463)\n\tat utilities.finders.ElementAction.checkerEqual(ElementAction.java:38)\n\tat pages.ProfilePages.testShareReferralCode(ProfilePages.java:73)\n\tat tests.ProfileITest.checkShareReferralCode(ProfileITest.java:99)\n\tat sun.reflect.NativeMethodAccessorImpl.invoke0(Native Method)\n\tat sun.reflect.NativeMethodAccessorImpl.invoke(NativeMethodAccessorImpl.java:62)\n\tat sun.reflect.DelegatingMethodAccessorImpl.invoke(DelegatingMethodAccessorImpl.java:43)\n\tat java.lang.reflect.Method.invoke(Method.java:498)\n\tat org.testng.internal.MethodInvocationHelper.invokeMethod(MethodInvocationHelper.java:124)\n\tat org.testng.internal.Invoker.invokeMethod(Invoker.java:583)\n\tat org.testng.internal.Invoker.invokeTestMethod(Invoker.java:719)\n\tat org.testng.internal.Invoker.invokeTestMethods(Invoker.java:989)\n\tat org.testng.internal.TestMethodWorker.invokeTestMethods(TestMethodWorker.java:125)\n\tat org.testng.internal.TestMethodWorker.run(TestMethodWorker.java:109)\n\tat java.util.concurrent.ThreadPoolExecutor.runWorker(ThreadPoolExecutor.java:1149)\n\tat java.util.concurrent.ThreadPoolExecutor$Worker.run(ThreadPoolExecutor.java:624)\n\tat java.lang.Thread.run(Thread.java:748)\n",
    "steps" : [ {
      "name" : "User Do Valid Login Using Email or Switch Number",
      "time" : {
        "start" : 1607572054846,
        "stop" : 1607572095683,
        "duration" : 40837
      },
      "status" : "passed",
      "steps" : [ {
        "name" : "Click Button Login",
        "time" : {
          "start" : 1607572054846,
          "stop" : 1607572062912,
          "duration" : 8066
        },
        "status" : "passed",
        "steps" : [ ],
        "attachments" : [ ],
        "parameters" : [ ],
        "stepsCount" : 0,
        "attachmentsCount" : 0,
        "shouldDisplayMessage" : false,
        "hasContent" : false
      } ],
      "attachments" : [ ],
      "parameters" : [ {
        "name" : "username",
        "value" : "tan.rafel@gmail.com"
      }, {
        "name" : "pin",
        "value" : "270413"
      }, {
        "name" : "otp1",
        "value" : "1"
      }, {
        "name" : "otp2",
        "value" : "2"
      }, {
        "name" : "otp3",
        "value" : "3"
      }, {
        "name" : "otp4",
        "value" : "4"
      } ],
      "stepsCount" : 1,
      "attachmentsCount" : 0,
      "shouldDisplayMessage" : false,
      "hasContent" : true
    }, {
      "name" : "User Do Copy Referral Code",
      "time" : {
        "start" : 1607572095683,
        "stop" : 1607572102503,
        "duration" : 6820
      },
      "status" : "failed",
      "statusMessage" : "expected [fgyRpcHC] but found []",
      "statusTrace" : "java.lang.AssertionError: expected [fgyRpcHC] but found []\n\tat org.testng.Assert.fail(Assert.java:96)\n\tat org.testng.Assert.failNotEquals(Assert.java:776)\n\tat org.testng.Assert.assertEqualsImpl(Assert.java:137)\n\tat org.testng.Assert.assertEquals(Assert.java:118)\n\tat org.testng.Assert.assertEquals(Assert.java:453)\n\tat org.testng.Assert.assertEquals(Assert.java:463)\n\tat utilities.finders.ElementAction.checkerEqual(ElementAction.java:38)\n\tat pages.ProfilePages.testShareReferralCode(ProfilePages.java:73)\n\tat tests.ProfileITest.checkShareReferralCode(ProfileITest.java:99)\n\tat sun.reflect.NativeMethodAccessorImpl.invoke0(Native Method)\n\tat sun.reflect.NativeMethodAccessorImpl.invoke(NativeMethodAccessorImpl.java:62)\n\tat sun.reflect.DelegatingMethodAccessorImpl.invoke(DelegatingMethodAccessorImpl.java:43)\n\tat java.lang.reflect.Method.invoke(Method.java:498)\n\tat org.testng.internal.MethodInvocationHelper.invokeMethod(MethodInvocationHelper.java:124)\n\tat org.testng.internal.Invoker.invokeMethod(Invoker.java:583)\n\tat org.testng.internal.Invoker.invokeTestMethod(Invoker.java:719)\n\tat org.testng.internal.Invoker.invokeTestMethods(Invoker.java:989)\n\tat org.testng.internal.TestMethodWorker.invokeTestMethods(TestMethodWorker.java:125)\n\tat org.testng.internal.TestMethodWorker.run(TestMethodWorker.java:109)\n\tat java.util.concurrent.ThreadPoolExecutor.runWorker(ThreadPoolExecutor.java:1149)\n\tat java.util.concurrent.ThreadPoolExecutor$Worker.run(ThreadPoolExecutor.java:624)\n\tat java.lang.Thread.run(Thread.java:748)\n",
      "steps" : [ ],
      "attachments" : [ ],
      "parameters" : [ {
        "name" : "refCode",
        "value" : "fgyRpcHC"
      } ],
      "stepsCount" : 0,
      "attachmentsCount" : 0,
      "shouldDisplayMessage" : true,
      "hasContent" : true
    } ],
    "attachments" : [ {
      "uid" : "b8ad07c852c309cf",
      "name" : "screenShot",
      "source" : "b8ad07c852c309cf.png",
      "type" : "image/png",
      "size" : 144433
    }, {
      "uid" : "7e5365535d03a0e1",
      "name" : "Page Screenshot",
      "source" : "7e5365535d03a0e1.png",
      "type" : "image/png",
      "size" : 144433
    } ],
    "parameters" : [ ],
    "stepsCount" : 3,
    "attachmentsCount" : 2,
    "shouldDisplayMessage" : false,
    "hasContent" : true
  },
  "afterStages" : [ {
    "name" : "closeAppSwitch",
    "time" : {
      "start" : 1607572104756,
      "stop" : 1607572115719,
      "duration" : 10963
    },
    "description" : "",
    "status" : "passed",
    "steps" : [ ],
    "attachments" : [ ],
    "parameters" : [ ],
    "stepsCount" : 0,
    "attachmentsCount" : 0,
    "shouldDisplayMessage" : false,
    "hasContent" : false
  } ],
  "labels" : [ {
    "name" : "package",
    "value" : "tests.ProfileITest"
  }, {
    "name" : "testClass",
    "value" : "tests.ProfileITest"
  }, {
    "name" : "testMethod",
    "value" : "checkShareReferralCode"
  }, {
    "name" : "parentSuite",
    "value" : "Switch Android Regression Test"
  }, {
    "name" : "suite",
    "value" : "Switch Android Regression Test"
  }, {
    "name" : "subSuite",
    "value" : "tests.ProfileITest"
  }, {
    "name" : "host",
    "value" : "Faizals-MacBook-Pro.local"
  }, {
    "name" : "thread",
    "value" : "43788@Faizals-MacBook-Pro.local.TestNG-test=Switch Android Regression Test-7(25)"
  }, {
    "name" : "framework",
    "value" : "testng"
  }, {
    "name" : "language",
    "value" : "java"
  }, {
    "name" : "story",
    "value" : "Story Name : Check User Profile"
  }, {
    "name" : "severity",
    "value" : "critical"
  }, {
    "name" : "resultFormat",
    "value" : "allure2"
  } ],
  "parameters" : [ {
    "name" : "deviceName",
    "value" : "Pixel"
  } ],
  "links" : [ ],
  "hidden" : false,
  "retry" : false,
  "extra" : {
    "severity" : "critical",
    "retries" : [ {
      "uid" : "5a54597a4344c8cd",
      "status" : "passed",
      "time" : {
        "start" : 1604654626387,
        "stop" : 1604654646826,
        "duration" : 20439
      }
    } ],
    "categories" : [ {
      "name" : "Product defects",
      "matchedStatuses" : [ ],
      "flaky" : false
    } ],
    "tags" : [ ]
  },
  "source" : "d9373040d26ca731.json",
  "parameterValues" : [ "Pixel" ]
}